<?xml version="1.0" encoding="utf-8"?><testsuites name="pytest tests"><testsuite name="pytest" errors="0" failures="0" skipped="0" tests="8" time="3.436" timestamp="2026-07-25T12:38:43.413323+00:00" hostname="agent-env-c12b73de-5940-46fb-8ba9-3d5942e3e9b5"><testcase classname="tests.test_iter3" name="test_comparison_wow_shape" time="0.211" /><testcase classname="tests.test_iter3" name="test_comparison_mom_30day" time="0.159" /><testcase classname="tests.test_iter3" name="test_comparison_invalid_400" time="0.078" /><testcase classname="tests.test_iter3" name="test_comparison_honors_filters" time="0.092" /><testcase classname="tests.test_iter3" name="test_import_creates_backup_and_list" time="1.116" /><testcase classname="tests.test_iter3" name="test_restore_valid" time="1.084" /><testcase classname="tests.test_iter3" name="test_restore_invalid_filename_404" time="0.076" /><testcase classname="tests.test_iter3" name="test_restore_path_traversal_400" time="0.159" /></testsuite></testsuites>