<?xml version="1.0" encoding="utf-8"?><testsuites name="pytest tests"><testsuite name="pytest" errors="0" failures="0" skipped="0" tests="7" time="2.999" timestamp="2026-07-25T12:29:02.143400+00:00" hostname="agent-env-c12b73de-5940-46fb-8ba9-3d5942e3e9b5"><testcase classname="tests.backend_test" name="test_summary_has_avg_sla_days" time="0.202" /><testcase classname="tests.backend_test" name="test_timeseries_day" time="0.066" /><testcase classname="tests.backend_test" name="test_timeseries_week_fewer_than_day" time="0.116" /><testcase classname="tests.backend_test" name="test_timeseries_month_fewer_than_week" time="0.221" /><testcase classname="tests.backend_test" name="test_import_rejects_txt" time="0.084" /><testcase classname="tests.backend_test" name="test_import_rejects_missing_columns" time="0.155" /><testcase classname="tests.backend_test" name="test_import_happy_path_replaces_dataset" time="1.134" /></testsuite></testsuites>